==507003== Helgrind, a thread error detector
==507003== Copyright (C) 2007-2017, and GNU GPL'd, by OpenWorks LLP et al.
==507003== Using Valgrind-3.18.1 and LibVEX; rerun with -h for copyright info
==507003== Command: ./philo 5 800 200 200 10
==507003== Parent PID: 507002
==507003== 
==507003== ---Thread-Announcement------------------------------------------
==507003== 
==507003== Thread #7 was created
==507003==    at 0x49A1A73: clone (clone.S:76)
==507003==    by 0x49A296E: __clone_internal (clone-internal.c:83)
==507003==    by 0x49106D8: create_thread (pthread_create.c:295)
==507003==    by 0x49111FF: pthread_create@@GLIBC_2.34 (pthread_create.c:828)
==507003==    by 0x4853767: ??? (in /usr/libexec/valgrind/vgpreload_helgrind-amd64-linux.so)
==507003==    by 0x401588: ft_start (start.c:72)
==507003==    by 0x40124D: main (main.c:22)
==507003== 
==507003== ---Thread-Announcement------------------------------------------
==507003== 
==507003== Thread #4 was created
==507003==    at 0x49A1A73: clone (clone.S:76)
==507003==    by 0x49A296E: __clone_internal (clone-internal.c:83)
==507003==    by 0x49106D8: create_thread (pthread_create.c:295)
==507003==    by 0x49111FF: pthread_create@@GLIBC_2.34 (pthread_create.c:828)
==507003==    by 0x4853767: ??? (in /usr/libexec/valgrind/vgpreload_helgrind-amd64-linux.so)
==507003==    by 0x40146E: ft_guests_arr (start.c:59)
==507003==    by 0x40156D: ft_start (start.c:71)
==507003==    by 0x40124D: main (main.c:22)
==507003== 
==507003== ----------------------------------------------------------------
==507003== 
==507003==  Lock at 0x1FFEFF5BA0 was first observed
==507003==    at 0x4854BFE: pthread_mutex_init (in /usr/libexec/valgrind/vgpreload_helgrind-amd64-linux.so)
==507003==    by 0x40138C: ft_guests_arr (start.c:52)
==507003==    by 0x40156D: ft_start (start.c:71)
==507003==    by 0x40124D: main (main.c:22)
==507003==  Address 0x1ffeff5ba0 is on thread #1's stack
==507003==  in frame #3, created by main (main.c:16)
==507003== 
==507003== Possible data race during write of size 4 at 0x1FFEFF5B98 by thread #7
==507003== Locks held: 1, at address 0x1FFEFF5BA0
==507003==    at 0x402883: ft_status_change (utils.c:18)
==507003==    by 0x40272C: ft_reaper (reaper.c:36)
==507003==    by 0x485396A: ??? (in /usr/libexec/valgrind/vgpreload_helgrind-amd64-linux.so)
==507003==    by 0x4910AC2: start_thread (pthread_create.c:442)
==507003==    by 0x49A1A83: clone (clone.S:100)
==507003==  This conflicts with a previous access by thread #4, after
==507003==    at 0x48511E6: ??? (in /usr/libexec/valgrind/vgpreload_helgrind-amd64-linux.so)
==507003==    by 0x402908: ft_end_check (utils.c:31)
==507003==    by 0x40164B: ft_fork_appropriation (actions.c:17)
==507003==    by 0x401832: ft_fork_handler (actions.c:71)
==507003==    by 0x4018B9: ft_eat (actions.c:84)
==507003==    by 0x4014FA: ft_routine_guests (start.c:26)
==507003==    by 0x485396A: ??? (in /usr/libexec/valgrind/vgpreload_helgrind-amd64-linux.so)
==507003==    by 0x4910AC2: start_thread (pthread_create.c:442)
==507003==    by 0x49A1A83: clone (clone.S:100)
==507003==  but before
==507003==    at 0x490D2C0: futex_wait (futex-internal.h:146)
==507003==    by 0x490D2C0: __lll_lock_wait (lowlevellock.c:49)
==507003==    by 0x4914001: lll_mutex_lock_optimized (pthread_mutex_lock.c:48)
==507003==    by 0x4914001: pthread_mutex_lock@@GLIBC_2.2.5 (pthread_mutex_lock.c:93)
==507003==    by 0x4850C66: ??? (in /usr/libexec/valgrind/vgpreload_helgrind-amd64-linux.so)
==507003==    by 0x401696: ft_fork_appropriation (actions.c:23)
==507003==    by 0x401832: ft_fork_handler (actions.c:71)
==507003==    by 0x4018B9: ft_eat (actions.c:84)
==507003==    by 0x4014FA: ft_routine_guests (start.c:26)
==507003==    by 0x485396A: ??? (in /usr/libexec/valgrind/vgpreload_helgrind-amd64-linux.so)
==507003==    by 0x4910AC2: start_thread (pthread_create.c:442)
==507003==    by 0x49A1A83: clone (clone.S:100)
==507003==  Address 0x1ffeff5b98 is on thread #1's stack
==507003==  in frame #3, created by main (main.c:16)
==507003== 
==507003== ---Thread-Announcement------------------------------------------
==507003== 
==507003== Thread #1 is the program's root thread
==507003== 
==507003== ---Thread-Announcement------------------------------------------
==507003== 
==507003== Thread #2 was created
==507003==    at 0x49A1A73: clone (clone.S:76)
==507003==    by 0x49A296E: __clone_internal (clone-internal.c:83)
==507003==    by 0x49106D8: create_thread (pthread_create.c:295)
==507003==    by 0x49111FF: pthread_create@@GLIBC_2.34 (pthread_create.c:828)
==507003==    by 0x4853767: ??? (in /usr/libexec/valgrind/vgpreload_helgrind-amd64-linux.so)
==507003==    by 0x40146E: ft_guests_arr (start.c:59)
==507003==    by 0x40156D: ft_start (start.c:71)
==507003==    by 0x40124D: main (main.c:22)
==507003== 
==507003== ----------------------------------------------------------------
==507003== 
==507003== Thread #1 unlocked lock at 0x4AA8040 currently held by thread #2
==507003==    at 0x48511E6: ??? (in /usr/libexec/valgrind/vgpreload_helgrind-amd64-linux.so)
==507003==    by 0x4017FC: ft_fork_handler (actions.c:66)
==507003==    by 0x4015EA: ft_start (start.c:77)
==507003==    by 0x40124D: main (main.c:22)
==507003==  Lock at 0x4AA8040 was first observed
==507003==    at 0x4854BFE: pthread_mutex_init (in /usr/libexec/valgrind/vgpreload_helgrind-amd64-linux.so)
==507003==    by 0x401D50: ft_forks_init (parsing.c:26)
==507003==    by 0x401AE2: ft_parsing (parsing.c:80)
==507003==    by 0x40122C: main (main.c:20)
==507003==  Address 0x4aa8040 is 0 bytes inside a block of size 200 alloc'd
==507003==    at 0x484A919: malloc (in /usr/libexec/valgrind/vgpreload_helgrind-amd64-linux.so)
==507003==    by 0x401CCF: ft_forks_init (parsing.c:20)
==507003==    by 0x401AE2: ft_parsing (parsing.c:80)
==507003==    by ==494931== 
==494931== Process terminating with default action of signal 1 (SIGHUP)
==494931==    at 0x490D117: __futex_abstimed_wait_common64 (futex-internal.c:57)
==494931==    by 0x490D117: __futex_abstimed_wait_common (futex-internal.c:87)
==494931==    by 0x490D117: __futex_abstimed_wait_cancelable64 (futex-internal.c:139)
==494931==    by 0x4912623: __pthread_clockjoin_ex (pthread_join_common.c:105)
==494931==    by 0x48508F5: ??? (in /usr/libexec/valgrind/vgpreload_helgrind-amd64-linux.so)
==494931==    by 0x4015F1: ft_start (start.c:76)
==494931==    by 0x40124D: main (main.c:22)
==494931== 
==494931== For lists of detected and suppressed errors, rerun with: -s
==494931== ERROR SUMMARY: 3 errors from 3 contexts (suppressed: 76719 from 87)
)
ng.c:80)
==507003==    by 0x40122C: main (main.c:20)
==507003==  Address 0x4aa80e0 is 160 bytes inside a block of size 200 alloc'd
==507003==    at 0x484A919: malloc (in /usr/libexec/valgrind/vgpreload_helgrind-amd64-linux.so)
==507003==    by 0x401CCF: ft_forks_init (parsing.c:20)
==507003==    by 0x401AE2: ft_parsing (parsing.c:80)
==507003==    by 0x40122C: main (main.c:20)
==507003==  Block was alloc'd by thread #1
==507003== 
==507003== 
==507003== ----------------------------------------------------------------
==507003== 
==507003== Thread #2: Exiting thread still holds 2 locks
==507003==    at 0x4910A66: start_thread (pthread_create.c:593)
==507003==    by 0x49A1A83: clone (clone.S:100)
==507003== 
==507003== ---Thread-Announcement------------------------------------------
==507003== 
==507003== Thread #5 was created
==507003==    at 0x49A1A73: clone (clone.S:76)
==507003==    by 0x49A296E: __clone_internal (clone-internal.c:83)
==507003==    by 0x49106D8: create_thread (pthread_create.c:295)
==507003==    by 0x49111FF: pthread_create@@GLIBC_2.34 (pthread_create.c:828)
==507003==    by 0x4853767: ??? (in /usr/libexec/valgrind/vgpreload_helgrind-amd64-linux.so)
==507003==    by 0x40146E: ft_guests_arr (start.c:59)
==507003==    by 0x40156D: ft_start (start.c:71)
==507003==    by 0x40124D: main (main.c:22)
==507003== 
==507003== ----------------------------------------------------------------
==507003== 
==507003== Thread #5: Exiting thread still holds 1 lock
==507003==    at 0x4910A66: start_thread (pthread_create.c:593)
==507003==    by 0x49A1A83: clone (clone.S:100)
==507003== 
==507003== 
==507003== Process terminating with default action of signal 1 (SIGHUP)
==507003==    at 0x490D117: __futex_abstimed_wait_common64 (futex-internal.c:57)
==507003==    by 0x490D117: __futex_abstimed_wait_common (futex-internal.c:87)
==507003==    by 0x490D117: __futex_abstimed_wait_cancelable64 (futex-internal.c:139)
==507003==    by 0x4912623: __pthread_clockjoin_ex (pthread_join_common.c:105)
==507003==    by 0x48508F5: ??? (in /usr/libexec/valgrind/vgpreload_helgrind-amd64-linux.so)
==507003==    by 0x401608: ft_start (start.c:78)
==507003==    by 0x40124D: main (main.c:22)
==507003== 
==507003== For lists of detected and suppressed errors, rerun with: -s
==507003== ERROR SUMMARY: 5 errors from 5 contexts (suppressed: 15640 from 87)
64 (futex-internal.c:57)
==495446==    by 0x490D117: __futex_abstimed_wait_common (futex-internal.c:87)
==495446==    by 0x490D117: __futex_abstimed_wait_cancelable64 (futex-internal.c:139)
==495446==    by 0x4912623: __pthread_clockjoin_ex (pthread_join_common.c:105)
==495446==    by 0x48508F5: ??? (in /usr/libexec/valgrind/vgpreload_helgrind-amd64-linux.so)
==495446==    by 0x4015F1: ft_start (start.c:76)
==495446==    by 0x40124D: main (main.c:22)
==495446== 
==495446== For lists of detected and suppressed errors, rerun with: -s
==495446== ERROR SUMMARY: 5 errors from 5 contexts (suppressed: 52675 from 102)
